app/build/outputs/logs/manifest-merger-debug-report.txt
-- Merging decision tree log ---
manifest
ADDED from src\main\AndroidManifest.xml:2:1-78:12
	package
		ADDED from src\main\AndroidManifest.xml:3:5-35
		INJECTED from src\main\AndroidManifest.xml
		INJECTED from src\main\AndroidManifest.xml
	android:versionName
		ADDED from src\main\AndroidManifest.xml:5:5-30
	android:versionCode
		ADDED from src\main\AndroidManifest.xml:4:5-28
		INJECTED from src\main\AndroidManifest.xml
		INJECTED from src\main\AndroidManifest.xml
	xmlns:android
		ADDED from src\main\AndroidManifest.xml:2:11-69
uses-sdk
ADDED from src\main\AndroidManifest.xml:7:5-9:41
MERGED from [com.android.support:support-v4:20.0.0] AndroidManifest.xml:16:5-42
	android:targetSdkVersion
		ADDED from src\main\AndroidManifest.xml:9:9-38
		INJECTED from src\main\AndroidManifest.xml
		INJECTED from src\main\AndroidManifest.xml
	android:minSdkVersion
		ADDED from src\main\AndroidManifest.xml:8:9-35
		INJECTED from src\main\AndroidManifest.xml
		INJECTED from src\main\AndroidManifest.xml
uses-permission#android.permission.GET_ACCOUNTS
ADDED from src\main\AndroidManifest.xml:11:2-68
	android:name
		ADDED from src\main\AndroidManifest.xml:11:19-65
uses-permission#android.permission.USE_CREDENTIALS
ADDED from src\main\AndroidManifest.xml:12:2-71
	android:name
		ADDED from src\main\AndroidManifest.xml:12:19-68
uses-permission#android.permission.MANAGE_ACCOUNTS
ADDED from src\main\AndroidManifest.xml:13:2-71
	android:name
		ADDED from src\main\AndroidManifest.xml:13:19-68
uses-permission#android.permission.AUTHENTICATE_ACCOUNTS
ADDED from src\main\AndroidManifest.xml:14:2-77
	android:name
		ADDED from src\main\AndroidManifest.xml:14:19-74
uses-permission#android.permission.ACCESS_NETWORK_STATE
ADDED from src\main\AndroidManifest.xml:15:2-76
	android:name
		ADDED from src\main\AndroidManifest.xml:15:19-73
uses-permission#android.permission.INTERNET
ADDED from src\main\AndroidManifest.xml:16:2-64
	android:name
		ADDED from src\main\AndroidManifest.xml:16:19-61
uses-permission#com.android.launcher.permission.READ_SETTINGS
ADDED from src\main\AndroidManifest.xml:17:2-82
	android:name
		ADDED from src\main\AndroidManifest.xml:17:19-79
uses-permission#android.permission.CHANGE_WIFI_STATE
ADDED from src\main\AndroidManifest.xml:18:2-73
	android:name
		ADDED from src\main\AndroidManifest.xml:18:19-70
uses-permission#android.permission.ACCESS_WIFI_STATE
ADDED from src\main\AndroidManifest.xml:19:2-73
	android:name
		ADDED from src\main\AndroidManifest.xml:19:19-70
uses-permission#android.permission.READ_PHONE_STATE
ADDED from src\main\AndroidManifest.xml:20:2-72
	android:name
		ADDED from src\main\AndroidManifest.xml:20:19-69
uses-permission#android.permission.WRITE_EXTERNAL_STORAGE
ADDED from src\main\AndroidManifest.xml:21:2-78
	android:name
		ADDED from src\main\AndroidManifest.xml:21:19-75
uses-permission#android.permission.BROADCAST_STICKY
ADDED from src\main\AndroidManifest.xml:22:2-72
	android:name
		ADDED from src\main\AndroidManifest.xml:22:19-69
uses-permission#android.permission.WRITE_SETTINGS
ADDED from src\main\AndroidManifest.xml:23:2-70
	android:name
		ADDED from src\main\AndroidManifest.xml:23:19-67
application
ADDED from src\main\AndroidManifest.xml:26:5-76:19
MERGED from [com.android.support:support-v4:20.0.0] AndroidManifest.xml:17:5-19
	android:label
		ADDED from src\main\AndroidManifest.xml:30:9-41
	android:allowBackup
		ADDED from src\main\AndroidManifest.xml:28:9-35
	android:icon
		ADDED from src\main\AndroidManifest.xml:29:9-45
	android:theme
		ADDED from src\main\AndroidManifest.xml:31:9-41
	android:name
		ADDED from src\main\AndroidManifest.xml:27:9-35
meta-data#com.baidu.lbsapi.API_KEY
ADDED from src\main\AndroidManifest.xml:32:9-34:64
	android:value
		ADDED from src\main\AndroidManifest.xml:34:13-61
	android:name
		ADDED from src\main\AndroidManifest.xml:33:13-52
service#com.baidu.location.f
ADDED from src\main\AndroidManifest.xml:35:9-113
	android:enabled
		ADDED from src\main\AndroidManifest.xml:35:54-76
	android:process
		ADDED from src\main\AndroidManifest.xml:35:77-102
	android:name
		ADDED from src\main\AndroidManifest.xml:35:18-53
activity#cn.edu.hit.itsmobile.ui.MainActivity
ADDED from src\main\AndroidManifest.xml:36:9-45:20
	android:label
		ADDED from src\main\AndroidManifest.xml:38:13-45
	android:launchMode
		ADDED from src\main\AndroidManifest.xml:39:13-44
	android:configChanges
		ADDED from src\main\AndroidManifest.xml:40:13-74
	android:name
		ADDED from src\main\AndroidManifest.xml:37:13-44
intent-filter#android.intent.action.MAIN+android.intent.category.LAUNCHER
ADDED from src\main\AndroidManifest.xml:41:13-44:29
action#android.intent.action.MAIN
ADDED from src\main\AndroidManifest.xml:42:17-69
	android:name
		ADDED from src\main\AndroidManifest.xml:42:25-66
category#android.intent.category.LAUNCHER
ADDED from src\main\AndroidManifest.xml:43:17-77
	android:name
		ADDED from src\main\AndroidManifest.xml:43:27-74
activity#cn.edu.hit.itsmobile.ui.BusStationActivity
ADDED from src\main\AndroidManifest.xml:46:9-51:20
	android:label
		ADDED from src\main\AndroidManifest.xml:49:13-57
	android:launchMode
		ADDED from src\main\AndroidManifest.xml:48:13-43
	android:configChanges
		ADDED from src\main\AndroidManifest.xml:50:13-74
	android:name
		ADDED from src\main\AndroidManifest.xml:47:13-50
activity#cn.edu.hit.itsmobile.ui.BusLineActivity
ADDED from src\main\AndroidManifest.xml:52:9-57:20
	android:label
		ADDED from src\main\AndroidManifest.xml:55:13-54
	android:launchMode
		ADDED from src\main\AndroidManifest.xml:54:13-43
	android:configChanges
		ADDED from src\main\AndroidManifest.xml:56:13-74
	android:name
		ADDED from src\main\AndroidManifest.xml:53:13-47
activity#cn.edu.hit.itsmobile.ui.NearbyStationActivity
ADDED from src\main\AndroidManifest.xml:58:9-63:20
	android:label
		ADDED from src\main\AndroidManifest.xml:61:13-60
	android:launchMode
		ADDED from src\main\AndroidManifest.xml:60:13-43
	android:configChanges
		ADDED from src\main\AndroidManifest.xml:62:13-74
	android:name
		ADDED from src\main\AndroidManifest.xml:59:13-53
activity#cn.edu.hit.itsmobile.ui.SensorDataActivity
ADDED from src\main\AndroidManifest.xml:64:9-69:20
	android:label
		ADDED from src\main\AndroidManifest.xml:67:13-57
	android:launchMode
		ADDED from src\main\AndroidManifest.xml:66:13-43
	android:configChanges
		ADDED from src\main\AndroidManifest.xml:68:13-74
	android:name
		ADDED from src\main\AndroidManifest.xml:65:13-50
activity#cn.edu.hit.itsmobile.ui.StatisticsActivity
ADDED from src\main\AndroidManifest.xml:70:9-75:20
	android:label
		ADDED from src\main\AndroidManifest.xml:73:13-56
	android:launchMode
		ADDED from src\main\AndroidManifest.xml:72:13-43
	android:configChanges
		ADDED from src\main\AndroidManifest.xml:74:13-74
	android:name
		ADDED from src\main\AndroidManifest.xml:71:13-50